0 info it worked if it ends with ok
1 verbose cli [ 'C:\\Program Files\\nodejs\\node.exe',
1 verbose cli   'C:\\Program Files\\nodejs\\node_modules\\npm\\bin\\npm-cli.js',
1 verbose cli   'run',
1 verbose cli   'lint' ]
2 info using npm@3.10.10
3 info using node@v6.11.4
4 verbose run-script [ 'prelint', 'lint', 'postlint' ]
5 info lifecycle verkefni10@1.0.0~prelint: verkefni10@1.0.0
6 silly lifecycle verkefni10@1.0.0~prelint: no script for prelint, continuing
7 info lifecycle verkefni10@1.0.0~lint: verkefni10@1.0.0
8 verbose lifecycle verkefni10@1.0.0~lint: unsafe-perm in lifecycle true
9 verbose lifecycle verkefni10@1.0.0~lint: PATH: C:\Program Files\nodejs\node_modules\npm\bin\node-gyp-bin;C:\Users\Lenovo\Desktop\stortverkefni2\hop2\node_modules\.bin;C:\Program Files\Haskell\bin;C:\Program Files\Haskell Platform\8.2.1\lib\extralibs\bin;C:\Program Files\Haskell Platform\8.2.1\bin;C:\Users\Lenovo\introcs\java\bin;C:\Windows\system32;C:\Windows;C:\Windows\System32\Wbem;C:\Windows\System32\WindowsPowerShell\v1.0\;C:\Program Files (x86)\Common Files\lenovo\easyplussdk\bin;C:\Program Files (x86)\NVIDIA Corporation\PhysX\Common;C:\Program Files\Intel\WiFi\bin\;C:\Program Files\Common Files\Intel\WirelessCommon\;C:\WINDOWS\system32;C:\WINDOWS;C:\WINDOWS\System32\Wbem;C:\WINDOWS\System32\WindowsPowerShell\v1.0\;C:\sqlite;C:\TDM-GCC-64\bin;C:\TDM-GCC-64\x86_64-w64-mingw32;C:\CamlLight\bin;C:\Program Files\Git\cmd;C:\Program Files\nodejs\;C:\Program Files\Haskell Platform\8.2.1\mingw\bin;C:\Users\Lenovo\AppData\Local\Programs\Python\Python36-32;;%SystemRoot%\system32;%SystemRoot%;%SystemRoot%\System32\Wbem;%SYSTEMROOT%\System32\WindowsPowerShell\v1.0\;C:\Users\Lenovo\AppData\Roaming\cabal\bin;C:\Users\Lenovo\AppData\Roaming\local\bin;C:\Users\Lenovo\introcs\j3d\bin;C:\Users\Lenovo\introcs\bin;C:\Users\Lenovo\introcs\java\bin;C:\Users\Lenovo\AppData\Local\Microsoft\WindowsApps;C:\Users\Lenovo\AppData\Local\atom\bin;C:\Users\Lenovo\AppData\Roaming\npm;C:\Users\Lenovo\AppData\Local\Microsoft\WindowsApps;
10 verbose lifecycle verkefni10@1.0.0~lint: CWD: C:\Users\Lenovo\Desktop\stortverkefni2\hop2
11 silly lifecycle verkefni10@1.0.0~lint: Args: [ '/d /s /c', 'npm-run-all --parallel eslint stylelint' ]
12 silly lifecycle verkefni10@1.0.0~lint: Returned: code: 1  signal: null
13 info lifecycle verkefni10@1.0.0~lint: Failed to exec lint script
14 verbose stack Error: verkefni10@1.0.0 lint: `npm-run-all --parallel eslint stylelint`
14 verbose stack Exit status 1
14 verbose stack     at EventEmitter.<anonymous> (C:\Program Files\nodejs\node_modules\npm\lib\utils\lifecycle.js:255:16)
14 verbose stack     at emitTwo (events.js:106:13)
14 verbose stack     at EventEmitter.emit (events.js:191:7)
14 verbose stack     at ChildProcess.<anonymous> (C:\Program Files\nodejs\node_modules\npm\lib\utils\spawn.js:40:14)
14 verbose stack     at emitTwo (events.js:106:13)
14 verbose stack     at ChildProcess.emit (events.js:191:7)
14 verbose stack     at maybeClose (internal/child_process.js:920:16)
14 verbose stack     at Process.ChildProcess._handle.onexit (internal/child_process.js:230:5)
15 verbose pkgid verkefni10@1.0.0
16 verbose cwd C:\Users\Lenovo\Desktop\stortverkefni2\hop2
17 error Windows_NT 10.0.16299
18 error argv "C:\\Program Files\\nodejs\\node.exe" "C:\\Program Files\\nodejs\\node_modules\\npm\\bin\\npm-cli.js" "run" "lint"
19 error node v6.11.4
20 error npm  v3.10.10
21 error code ELIFECYCLE
22 error verkefni10@1.0.0 lint: `npm-run-all --parallel eslint stylelint`
22 error Exit status 1
23 error Failed at the verkefni10@1.0.0 lint script 'npm-run-all --parallel eslint stylelint'.
23 error Make sure you have the latest version of node.js and npm installed.
23 error If you do, this is most likely a problem with the verkefni10 package,
23 error not with npm itself.
23 error Tell the author that this fails on your system:
23 error     npm-run-all --parallel eslint stylelint
23 error You can get information on how to open an issue for this project with:
23 error     npm bugs verkefni10
23 error Or if that isn't available, you can get their info via:
23 error     npm owner ls verkefni10
23 error There is likely additional logging output above.
24 verbose exit [ 1, true ]
